#
# A fatal error has been detected by the Java Runtime Environment:
#
#  SIGBUS (0x7) at pc=0xb680d713, pid=26909, tid=2371599216
#
# JRE version: Java(TM) SE Runtime Environment (7.0_60-b19) (build 1.7.0_60-b19)
# Java VM: Java HotSpot(TM) Server VM (24.60-b09 mixed mode linux-x86 )
# Problematic frame:
# C  [libzip.so+0x4713]  newEntry+0x73
#
# Failed to write core dump. Core dumps have been disabled. To enable core dumping, try "ulimit -c unlimited" before starting Java again
#
# If you would like to submit a bug report, please visit:
#   http://bugreport.sun.com/bugreport/crash.jsp
# The crash happened outside the Java Virtual Machine in native code.
# See problematic frame for where to report the bug.
#

---------------  T H R E A D  ---------------

Current thread (0x8d7e0400):  JavaThread "dw-17-acceptor-0-TravelDemoApplication@1f31b65{HTTP/1.1}{0.0.0.0:9700}" [_thread_in_native, id=26947, stack(0x8d56b000,0x8d5bc000)]

siginfo:si_signo=SIGBUS: si_errno=0, si_code=2 (BUS_ADRERR), si_addr=0x8de5b6d8

Registers:
EAX=0x09b4e2e8, EBX=0xb68201f0, ECX=0x8de5b6bb, EDX=0x8de5b6bb
ESP=0x8d5b98a0, EBP=0x8d5b9938, ESI=0x09b4e2e8, EDI=0x8ddac000
EIP=0xb680d713, EFLAGS=0x00210286, CR2=0x8de5b6d8

Top of Stack: (sp=0x8d5b98a0)
0x8d5b98a0:   00000034 00000000 b767d453 0979ae4c
0x8d5b98b0:   b7154f70 00000057 8d5b9eac 00000004
0x8d5b98c0:   b7683851 00000004 b7756ff4 b7756ff4
0x8d5b98d0:   8d5b9eac 8d5b9e78 b7650e1c b6f5947e
0x8d5b98e0:   b7140e54 00000000 00000000 09b4e2e8
0x8d5b98f0:   098cc8a8 909d11b4 00000000 b71d7cd4
0x8d5b9900:   8d5b99db 00000041 09b4e2e8 8de5b6bb
0x8d5b9910:   098d83d0 a9070284 00000041 b6e0436c 

Instructions: (pc=0xb680d713)
0xb680d6f3:   00 0f 84 2e 03 00 00 8b 76 08 8b 4a 1c 8b 7a 10
0xb680d703:   29 ce 01 fe 89 75 d4 8b 55 d4 8b 4d d4 8b 75 b4
0xb680d713:   0f b6 52 1d 0f b6 41 1c c1 e2 08 09 c2 89 55 c8
0xb680d723:   0f b6 41 1e 88 45 bc 0f b6 51 1f 8b 45 d4 88 55 

Register to memory mapping:

EAX=0x09b4e2e8 is an unknown value
EBX=0xb68201f0: <offset 0x171f0> in /home/irwin/opt/java/jdk1.7.0_60/jre/lib/i386/libzip.so at 0xb6809000
ECX=0x8de5b6bb is an unknown value
EDX=0x8de5b6bb is an unknown value
ESP=0x8d5b98a0 is pointing into the stack for thread: 0x8d7e0400
EBP=0x8d5b9938 is pointing into the stack for thread: 0x8d7e0400
ESI=0x09b4e2e8 is an unknown value
EDI=0x8ddac000 is an unknown value


Stack: [0x8d56b000,0x8d5bc000],  sp=0x8d5b98a0,  free space=314k
Native frames: (J=compiled Java code, j=interpreted, Vv=VM code, C=native code)
C  [libzip.so+0x4713]  newEntry+0x73
C  [libzip.so+0x4f28]  ZIP_GetEntry+0xc8
C  [libzip.so+0x3901]  Java_java_util_zip_ZipFile_getEntry+0xc1
j  java.util.zip.ZipFile.getEntry(J[BZ)J+0
j  java.util.zip.ZipFile.getEntry(Ljava/lang/String;)Ljava/util/zip/ZipEntry;+38
j  java.util.jar.JarFile.getEntry(Ljava/lang/String;)Ljava/util/zip/ZipEntry;+2
J 67 C2 sun.misc.URLClassPath$JarLoader.getResource(Ljava/lang/String;Z)Lsun/misc/Resource; (91 bytes) @ 0xb386d1cc [0xb386d0a0+0x12c]
J 82 C2 sun.misc.URLClassPath.getResource(Ljava/lang/String;Z)Lsun/misc/Resource; (74 bytes) @ 0xb386e5b0 [0xb386e560+0x50]
j  java.net.URLClassLoader$1.run()Ljava/lang/Class;+26
j  java.net.URLClassLoader$1.run()Ljava/lang/Object;+1
v  ~StubRoutines::call_stub
V  [libjvm.so+0x487295]  JavaCalls::call_helper(JavaValue*, methodHandle*, JavaCallArguments*, Thread*)+0x315
V  [libjvm.so+0x67f929]  os::os_exception_wrapper(void (*)(JavaValue*, methodHandle*, JavaCallArguments*, Thread*), JavaValue*, methodHandle*, JavaCallArguments*, Thread*)+0x19
V  [libjvm.so+0x485f0f]  JavaCalls::call(JavaValue*, methodHandle, JavaCallArguments*, Thread*)+0x2f
V  [libjvm.so+0x50c2d9]  JVM_DoPrivileged+0x249
C  [libjava.so+0x99ca]  Java_java_security_AccessController_doPrivileged__Ljava_security_PrivilegedExceptionAction_2Ljava_security_AccessControlContext_2+0x3a
j  java.security.AccessController.doPrivileged(Ljava/security/PrivilegedExceptionAction;Ljava/security/AccessControlContext;)Ljava/lang/Object;+0
j  java.net.URLClassLoader.findClass(Ljava/lang/String;)Ljava/lang/Class;+13
j  java.lang.ClassLoader.loadClass(Ljava/lang/String;Z)Ljava/lang/Class;+70
j  sun.misc.Launcher$AppClassLoader.loadClass(Ljava/lang/String;Z)Ljava/lang/Class;+36
j  java.lang.ClassLoader.loadClass(Ljava/lang/String;)Ljava/lang/Class;+3
v  ~StubRoutines::call_stub
V  [libjvm.so+0x487295]  JavaCalls::call_helper(JavaValue*, methodHandle*, JavaCallArguments*, Thread*)+0x315
V  [libjvm.so+0x67f929]  os::os_exception_wrapper(void (*)(JavaValue*, methodHandle*, JavaCallArguments*, Thread*), JavaValue*, methodHandle*, JavaCallArguments*, Thread*)+0x19
V  [libjvm.so+0x485f0f]  JavaCalls::call(JavaValue*, methodHandle, JavaCallArguments*, Thread*)+0x2f
V  [libjvm.so+0x48614a]  JavaCalls::call_virtual(JavaValue*, KlassHandle, Symbol*, Symbol*, JavaCallArguments*, Thread*)+0x10a
V  [libjvm.so+0x486215]  JavaCalls::call_virtual(JavaValue*, Handle, KlassHandle, Symbol*, Symbol*, Handle, Thread*)+0x55
V  [libjvm.so+0x773219]  SystemDictionary::load_instance_class(Symbol*, Handle, Thread*)+0x489
V  [libjvm.so+0x77191f]  SystemDictionary::resolve_instance_class_or_null(Symbol*, Handle, Handle, Thread*)+0x71f
V  [libjvm.so+0x771d79]  SystemDictionary::resolve_or_null(Symbol*, Handle, Handle, Thread*)+0x49
V  [libjvm.so+0x773290]  SystemDictionary::resolve_or_fail(Symbol*, Handle, Handle, bool, Thread*)+0x30
V  [libjvm.so+0x33802b]  constantPoolOopDesc::klass_at_impl(constantPoolHandle, int, Thread*)+0x1cb
V  [libjvm.so+0x47faa7]  InterpreterRuntime::_new(JavaThread*, constantPoolOopDesc*, int)+0x67
j  org.eclipse.jetty.io.SelectorManager.accept(Ljava/nio/channels/SocketChannel;)V+6
j  org.eclipse.jetty.server.ServerConnector.accept(I)V+44
j  org.eclipse.jetty.server.AbstractConnector$Acceptor.run()V+101
j  org.eclipse.jetty.util.thread.QueuedThreadPool.runJob(Ljava/lang/Runnable;)V+1
j  org.eclipse.jetty.util.thread.QueuedThreadPool$3.run()V+73
j  java.lang.Thread.run()V+11
v  ~StubRoutines::call_stub
V  [libjvm.so+0x487295]  JavaCalls::call_helper(JavaValue*, methodHandle*, JavaCallArguments*, Thread*)+0x315
V  [libjvm.so+0x67f929]  os::os_exception_wrapper(void (*)(JavaValue*, methodHandle*, JavaCallArguments*, Thread*), JavaValue*, methodHandle*, JavaCallArguments*, Thread*)+0x19
V  [libjvm.so+0x485f0f]  JavaCalls::call(JavaValue*, methodHandle, JavaCallArguments*, Thread*)+0x2f
V  [libjvm.so+0x48614a]  JavaCalls::call_virtual(JavaValue*, KlassHandle, Symbol*, Symbol*, JavaCallArguments*, Thread*)+0x10a
V  [libjvm.so+0x48626b]  JavaCalls::call_virtual(JavaValue*, Handle, KlassHandle, Symbol*, Symbol*, Thread*)+0x4b
V  [libjvm.so+0x502d89]  thread_entry(JavaThread*, Thread*)+0xd9
V  [libjvm.so+0x7a3179]  JavaThread::thread_main_inner()+0x109
V  [libjvm.so+0x7a32d3]  JavaThread::run()+0x123
V  [libjvm.so+0x686e19]  java_start(Thread*)+0x119
C  [libpthread.so.0+0x5955]  start_thread+0xb5

Java frames: (J=compiled Java code, j=interpreted, Vv=VM code)
j  java.util.zip.ZipFile.getEntry(J[BZ)J+0
j  java.util.zip.ZipFile.getEntry(Ljava/lang/String;)Ljava/util/zip/ZipEntry;+38
j  java.util.jar.JarFile.getEntry(Ljava/lang/String;)Ljava/util/zip/ZipEntry;+2
J 67 C2 sun.misc.URLClassPath$JarLoader.getResource(Ljava/lang/String;Z)Lsun/misc/Resource; (91 bytes) @ 0xb386d1cc [0xb386d0a0+0x12c]
J 82 C2 sun.misc.URLClassPath.getResource(Ljava/lang/String;Z)Lsun/misc/Resource; (74 bytes) @ 0xb386e5b0 [0xb386e560+0x50]
j  java.net.URLClassLoader$1.run()Ljava/lang/Class;+26
j  java.net.URLClassLoader$1.run()Ljava/lang/Object;+1
v  ~StubRoutines::call_stub
j  java.security.AccessController.doPrivileged(Ljava/security/PrivilegedExceptionAction;Ljava/security/AccessControlContext;)Ljava/lang/Object;+0
j  java.net.URLClassLoader.findClass(Ljava/lang/String;)Ljava/lang/Class;+13
j  java.lang.ClassLoader.loadClass(Ljava/lang/String;Z)Ljava/lang/Class;+70
j  sun.misc.Launcher$AppClassLoader.loadClass(Ljava/lang/String;Z)Ljava/lang/Class;+36
j  java.lang.ClassLoader.loadClass(Ljava/lang/String;)Ljava/lang/Class;+3
v  ~StubRoutines::call_stub
j  org.eclipse.jetty.io.SelectorManager.accept(Ljava/nio/channels/SocketChannel;)V+6
j  org.eclipse.jetty.server.ServerConnector.accept(I)V+44
j  org.eclipse.jetty.server.AbstractConnector$Acceptor.run()V+101
j  org.eclipse.jetty.util.thread.QueuedThreadPool.runJob(Ljava/lang/Runnable;)V+1
j  org.eclipse.jetty.util.thread.QueuedThreadPool$3.run()V+73
j  java.lang.Thread.run()V+11
v  ~StubRoutines::call_stub

---------------  P R O C E S S  ---------------

Java Threads: ( => current thread )
  0x8d270800 JavaThread "DestroyJavaVM" [_thread_blocked, id=26911, stack(0xb6893000,0xb68e4000)]
  0x8d7e7800 JavaThread "dw-22" [_thread_blocked, id=26952, stack(0x8d3d6000,0x8d427000)]
  0x8d7e6000 JavaThread "dw-21" [_thread_blocked, id=26951, stack(0x8d427000,0x8d478000)]
  0x8d7e4800 JavaThread "dw-20" [_thread_blocked, id=26950, stack(0x8d478000,0x8d4c9000)]
  0x8d7e3000 JavaThread "dw-19" [_thread_blocked, id=26949, stack(0x8d4c9000,0x8d51a000)]
  0x8d7e1400 JavaThread "dw-18" [_thread_blocked, id=26948, stack(0x8d51a000,0x8d56b000)]
=>0x8d7e0400 JavaThread "dw-17-acceptor-0-TravelDemoApplication@1f31b65{HTTP/1.1}{0.0.0.0:9700}" [_thread_in_native, id=26947, stack(0x8d56b000,0x8d5bc000)]
  0x8d7df400 JavaThread "dw-16-selector-1" [_thread_in_native, id=26946, stack(0x8d5bc000,0x8d60d000)]
  0x8d7de400 JavaThread "dw-15-selector-0" [_thread_in_native, id=26945, stack(0x8d60d000,0x8d65e000)]
  0x8d7da400 JavaThread "DateCache" daemon [_thread_blocked, id=26944, stack(0x8d65e000,0x8d6af000)]
  0x8d7d8c00 JavaThread "async-console-appender-3" [_thread_blocked, id=26943, stack(0x8d6af000,0x8d700000)]
  0x8d761000 JavaThread "MySQL Statement Cancellation Timer" daemon [_thread_blocked, id=26939, stack(0x8d90d000,0x8d95e000)]
  0x8d730c00 JavaThread "PoolCleaner[30213361:1416077965860]" daemon [_thread_blocked, id=26938, stack(0x8d95e000,0x8d9af000)]
  0x8dbdec00 JavaThread "async-file-appender-2" [_thread_blocked, id=26935, stack(0x8d9af000,0x8da00000)]
  0x8db72000 JavaThread "async-console-appender-1" [_thread_blocked, id=26934, stack(0x8dd36000,0x8dd87000)]
  0x098c0400 JavaThread "Service Thread" daemon [_thread_blocked, id=26926, stack(0x8df9e000,0x8dfef000)]
  0x098b6000 JavaThread "C2 CompilerThread1" daemon [_thread_blocked, id=26925, stack(0x8dfef000,0x8e070000)]
  0x098b3c00 JavaThread "C2 CompilerThread0" daemon [_thread_blocked, id=26924, stack(0x8e070000,0x8e0f1000)]
  0x098b2400 JavaThread "Signal Dispatcher" daemon [_thread_blocked, id=26923, stack(0x8e0f1000,0x8e142000)]
  0x0989f000 JavaThread "Finalizer" daemon [_thread_blocked, id=26919, stack(0x8e2b7000,0x8e308000)]
  0x0989d800 JavaThread "Reference Handler" daemon [_thread_blocked, id=26918, stack(0x8e308000,0x8e359000)]

Other Threads:
  0x0989ac00 VMThread [stack: 0x8e359000,0x8e3da000] [id=26917]
  0x098c2400 WatcherThread [stack: 0x8df1d000,0x8df9e000] [id=26927]

VM state:not at safepoint (normal execution)

VM Mutex/Monitor currently owned by a thread: None

Heap
 PSYoungGen      total 47616K, used 7043K [0xa8e80000, 0xadcc0000, 0xb3740000)
  eden space 42752K, 5% used [0xa8e80000,0xa90a5ab0,0xab840000)
  from space 4864K, 99% used [0xad800000,0xadcbb538,0xadcc0000)
  to   space 8960K, 0% used [0xacb40000,0xacb40000,0xad400000)
 ParOldGen       total 38912K, used 16546K [0x93d40000, 0x96340000, 0xa8e80000)
  object space 38912K, 42% used [0x93d40000,0x94d68a38,0x96340000)
 PSPermGen       total 36352K, used 21173K [0x8fd40000, 0x920c0000, 0x93d40000)
  object space 36352K, 58% used [0x8fd40000,0x911ed6f8,0x920c0000)

Card table byte_map: [0x8fc22000,0x8fd40000] byte_map_base: 0x8f7a3600

Polling page: 0xb7790000

Code Cache  [0xb3809000, 0xb3a49000, 0xb6809000)
 total_blobs=403 nmethods=245 adapters=111 free_code_cache=48412Kb largest_free_block=49545216

Compilation events (10 events):
Event: 9.139 Thread 0x098b3c00 nmethod 247 0xb388b208 code [0xb388b340, 0xb388b544]
Event: 9.139 Thread 0x098b3c00  248             java.lang.reflect.Method::getAnnotation (26 bytes)
Event: 9.181 Thread 0x098b3c00 nmethod 248 0xb388f348 code [0xb388f480, 0xb388f7a4]
Event: 9.181 Thread 0x098b3c00  249             java.util.Collections$EmptyMap::get (2 bytes)
Event: 9.182 Thread 0x098b3c00 nmethod 249 0xb388b888 code [0xb388b960, 0xb388b9b0]
Event: 9.212 Thread 0x098b3c00  250             com.sun.jersey.core.reflection.AnnotatedMethod::hasMethodAnnotations (43 bytes)
Event: 9.243 Thread 0x098b6000 nmethod 246 0xb38c7048 code [0xb38c7240, 0xb38c8238]
Event: 9.243 Thread 0x098b6000  251             java.lang.Class::checkMemberAccess (67 bytes)
Event: 9.244 Thread 0x098b6000 nmethod 251 0xb388b008 code [0xb388b100, 0xb388b170]
Event: 9.286 Thread 0x098b3c00 nmethod 250 0xb388bbc8 code [0xb388bd60, 0xb388c684]

GC Heap History (10 events):
Event: 3.011 GC heap before
{Heap before GC invocations=3 (full 0):
 PSYoungGen      total 17664K, used 17651K [0xa8e80000, 0xaa100000, 0xb3740000)
  eden space 16384K, 100% used [0xa8e80000,0xa9e80000,0xa9e80000)
  from space 1280K, 98% used [0xa9fc0000,0xaa0fcc08,0xaa100000)
  to   space 1280K, 0% used [0xa9e80000,0xa9e80000,0xa9fc0000)
 ParOldGen       total 21504K, used 2674K [0x93d40000, 0x95240000, 0xa8e80000)
  object space 21504K, 12% used [0x93d40000,0x93fdcb58,0x95240000)
 PSPermGen       total 16384K, used 9593K [0x8fd40000, 0x90d40000, 0x93d40000)
  object space 16384K, 58% used [0x8fd40000,0x9069e658,0x90d40000)
Event: 3.041 GC heap after
Heap after GC invocations=3 (full 0):
 PSYoungGen      total 17664K, used 1266K [0xa8e80000, 0xab100000, 0xb3740000)
  eden space 16384K, 0% used [0xa8e80000,0xa8e80000,0xa9e80000)
  from space 1280K, 98% used [0xa9e80000,0xa9fbc880,0xa9fc0000)
  to   space 1280K, 0% used [0xaafc0000,0xaafc0000,0xab100000)
 ParOldGen       total 21504K, used 6326K [0x93d40000, 0x95240000, 0xa8e80000)
  object space 21504K, 29% used [0x93d40000,0x9436d9a8,0x95240000)
 PSPermGen       total 16384K, used 9593K [0x8fd40000, 0x90d40000, 0x93d40000)
  object space 16384K, 58% used [0x8fd40000,0x9069e658,0x90d40000)
}
Event: 4.418 GC heap before
{Heap before GC invocations=4 (full 0):
 PSYoungGen      total 17664K, used 17650K [0xa8e80000, 0xab100000, 0xb3740000)
  eden space 16384K, 100% used [0xa8e80000,0xa9e80000,0xa9e80000)
  from space 1280K, 98% used [0xa9e80000,0xa9fbc880,0xa9fc0000)
  to   space 1280K, 0% used [0xaafc0000,0xaafc0000,0xab100000)
 ParOldGen       total 21504K, used 6326K [0x93d40000, 0x95240000, 0xa8e80000)
  object space 21504K, 29% used [0x93d40000,0x9436d9a8,0x95240000)
 PSPermGen       total 16384K, used 11437K [0x8fd40000, 0x90d40000, 0x93d40000)
  object space 16384K, 69% used [0x8fd40000,0x9086b6c0,0x90d40000)
Event: 4.452 GC heap after
Heap after GC invocations=4 (full 0):
 PSYoungGen      total 34048K, used 1272K [0xa8e80000, 0xab100000, 0xb3740000)
  eden space 32768K, 0% used [0xa8e80000,0xa8e80000,0xaae80000)
  from space 1280K, 99% used [0xaafc0000,0xab0fe050,0xab100000)
  to   space 1280K, 0% used [0xaae80000,0xaae80000,0xaafc0000)
 ParOldGen       total 21504K, used 9779K [0x93d40000, 0x95240000, 0xa8e80000)
  object space 21504K, 45% used [0x93d40000,0x946cce70,0x95240000)
 PSPermGen       total 16384K, used 11437K [0x8fd40000, 0x90d40000, 0x93d40000)
  object space 16384K, 69% used [0x8fd40000,0x9086b6c0,0x90d40000)
}
Event: 7.011 GC heap before
{Heap before GC invocations=5 (full 0):
 PSYoungGen      total 34048K, used 34040K [0xa8e80000, 0xab100000, 0xb3740000)
  eden space 32768K, 100% used [0xa8e80000,0xaae80000,0xaae80000)
  from space 1280K, 99% used [0xaafc0000,0xab0fe050,0xab100000)
  to   space 1280K, 0% used [0xaae80000,0xaae80000,0xaafc0000)
 ParOldGen       total 21504K, used 9779K [0x93d40000, 0x95240000, 0xa8e80000)
  object space 21504K, 45% used [0x93d40000,0x946cce70,0x95240000)
 PSPermGen       total 18176K, used 18107K [0x8fd40000, 0x90f00000, 0x93d40000)
  object space 18176K, 99% used [0x8fd40000,0x90eeee70,0x90f00000)
Event: 7.062 GC heap after
Heap after GC invocations=5 (full 0):
 PSYoungGen      total 34048K, used 1272K [0xa8e80000, 0xae180000, 0xb3740000)
  eden space 32768K, 0% used [0xa8e80000,0xa8e80000,0xaae80000)
  from space 1280K, 99% used [0xaae80000,0xaafbe050,0xaafc0000)
  to   space 9728K, 0% used [0xad800000,0xad800000,0xae180000)
 ParOldGen       total 21504K, used 18497K [0x93d40000, 0x95240000, 0xa8e80000)
  object space 21504K, 86% used [0x93d40000,0x94f50470,0x95240000)
 PSPermGen       total 18176K, used 18107K [0x8fd40000, 0x90f00000, 0x93d40000)
  object space 18176K, 99% used [0x8fd40000,0x90eeee70,0x90f00000)
}
Event: 7.062 GC heap before
{Heap before GC invocations=6 (full 1):
 PSYoungGen      total 34048K, used 1272K [0xa8e80000, 0xae180000, 0xb3740000)
  eden space 32768K, 0% used [0xa8e80000,0xa8e80000,0xaae80000)
  from space 1280K, 99% used [0xaae80000,0xaafbe050,0xaafc0000)
  to   space 9728K, 0% used [0xad800000,0xad800000,0xae180000)
 ParOldGen       total 21504K, used 18497K [0x93d40000, 0x95240000, 0xa8e80000)
  object space 21504K, 86% used [0x93d40000,0x94f50470,0x95240000)
 PSPermGen       total 18176K, used 18107K [0x8fd40000, 0x90f00000, 0x93d40000)
  object space 18176K, 99% used [0x8fd40000,0x90eeee70,0x90f00000)
Event: 7.379 GC heap after
Heap after GC invocations=6 (full 1):
 PSYoungGen      total 34048K, used 0K [0xa8e80000, 0xae180000, 0xb3740000)
  eden space 32768K, 0% used [0xa8e80000,0xa8e80000,0xaae80000)
  from space 1280K, 0% used [0xaae80000,0xaae80000,0xaafc0000)
  to   space 9728K, 0% used [0xad800000,0xad800000,0xae180000)
 ParOldGen       total 38912K, used 16546K [0x93d40000, 0x96340000, 0xa8e80000)
  object space 38912K, 42% used [0x93d40000,0x94d68a38,0x96340000)
 PSPermGen       total 36352K, used 18098K [0x8fd40000, 0x920c0000, 0x93d40000)
  object space 36352K, 49% used [0x8fd40000,0x90eecb28,0x920c0000)
}
Event: 9.366 GC heap before
{Heap before GC invocations=7 (full 1):
 PSYoungGen      total 34048K, used 32768K [0xa8e80000, 0xae180000, 0xb3740000)
  eden space 32768K, 100% used [0xa8e80000,0xaae80000,0xaae80000)
  from space 1280K, 0% used [0xaae80000,0xaae80000,0xaafc0000)
  to   space 9728K, 0% used [0xad800000,0xad800000,0xae180000)
 ParOldGen       total 38912K, used 16546K [0x93d40000, 0x96340000, 0xa8e80000)
  object space 38912K, 42% used [0x93d40000,0x94d68a38,0x96340000)
 PSPermGen       total 36352K, used 21137K [0x8fd40000, 0x920c0000, 0x93d40000)
  object space 36352K, 58% used [0x8fd40000,0x911e4560,0x920c0000)
Event: 9.390 GC heap after
Heap after GC invocations=7 (full 1):
 PSYoungGen      total 47616K, used 4845K [0xa8e80000, 0xadcc0000, 0xb3740000)
  eden space 42752K, 0% used [0xa8e80000,0xa8e80000,0xab840000)
  from space 4864K, 99% used [0xad800000,0xadcbb538,0xadcc0000)
  to   space 8960K, 0% used [0xacb40000,0xacb40000,0xad400000)
 ParOldGen       total 38912K, used 16546K [0x93d40000, 0x96340000, 0xa8e80000)
  object space 38912K, 42% used [0x93d40000,0x94d68a38,0x96340000)
 PSPermGen       total 36352K, used 21137K [0x8fd40000, 0x920c0000, 0x93d40000)
  object space 36352K, 58% used [0x8fd40000,0x911e4560,0x920c0000)
}

Deoptimization events (10 events):
Event: 4.981 Thread 0x0979f400 Uncommon trap: reason=class_check action=maybe_recompile pc=0xb387c44c method=java.util.Properties$LineReader.readLine()I @ 62
Event: 5.851 Thread 0x0979f400 Uncommon trap: reason=predicate action=maybe_recompile pc=0xb3897648 method=java.util.TreeMap.put(Ljava/lang/Object;Ljava/lang/Object;)Ljava/lang/Object; @ 132
Event: 7.485 Thread 0x0979f400 Uncommon trap: reason=unloaded action=reinterpret pc=0xb3871780 method=java.lang.CharacterData.of(I)Ljava/lang/CharacterData; @ 96
Event: 7.679 Thread 0x0979f400 Uncommon trap: reason=bimorphic action=maybe_recompile pc=0xb387b504 method=java.util.HashMap.<init>(IF)V @ 115
Event: 7.679 Thread 0x0979f400 Uncommon trap: reason=bimorphic action=maybe_recompile pc=0xb387b504 method=java.util.HashMap.<init>(IF)V @ 115
Event: 7.815 Thread 0x0979f400 Uncommon trap: reason=bimorphic action=maybe_recompile pc=0xb386cc64 method=java.util.regex.Matcher.search(I)Z @ 86
Event: 7.815 Thread 0x0979f400 Uncommon trap: reason=bimorphic action=maybe_recompile pc=0xb386cc64 method=java.util.regex.Matcher.search(I)Z @ 86
Event: 7.815 Thread 0x0979f400 Uncommon trap: reason=bimorphic action=maybe_recompile pc=0xb386cc64 method=java.util.regex.Matcher.search(I)Z @ 86
Event: 7.815 Thread 0x0979f400 Uncommon trap: reason=bimorphic action=maybe_recompile pc=0xb386cc64 method=java.util.regex.Matcher.search(I)Z @ 86
Event: 8.352 Thread 0x0979f400 Uncommon trap: reason=unreached action=reinterpret pc=0xb387985c method=java.lang.Class.searchMethods([Ljava/lang/reflect/Method;Ljava/lang/String;[Ljava/lang/Class;)Ljava/lang/reflect/Method; @ 47

Internal exceptions (10 events):
Event: 9.350 Thread 0x0979f400 Threw 0xaad69008 at /HUDSON/workspace/7u-2-build-linux-i586/jdk7u60/1081/hotspot/src/share/vm/prims/jvm.cpp:1244
Event: 9.351 Thread 0x0979f400 Threw 0xaad6c718 at /HUDSON/workspace/7u-2-build-linux-i586/jdk7u60/1081/hotspot/src/share/vm/prims/jvm.cpp:1244
Event: 9.351 Thread 0x0979f400 Threw 0xaad719c0 at /HUDSON/workspace/7u-2-build-linux-i586/jdk7u60/1081/hotspot/src/share/vm/prims/jvm.cpp:1244
Event: 9.352 Thread 0x0979f400 Threw 0xaad75470 at /HUDSON/workspace/7u-2-build-linux-i586/jdk7u60/1081/hotspot/src/share/vm/prims/jvm.cpp:1244
Event: 9.353 Thread 0x0979f400 Threw 0xaad78230 at /HUDSON/workspace/7u-2-build-linux-i586/jdk7u60/1081/hotspot/src/share/vm/prims/jvm.cpp:1244
Event: 9.354 Thread 0x0979f400 Threw 0xaad7b270 at /HUDSON/workspace/7u-2-build-linux-i586/jdk7u60/1081/hotspot/src/share/vm/prims/jvm.cpp:1244
Event: 9.356 Thread 0x0979f400 Threw 0xaad810b8 at /HUDSON/workspace/7u-2-build-linux-i586/jdk7u60/1081/hotspot/src/share/vm/prims/jvm.cpp:1244
Event: 9.362 Thread 0x0979f400 Threw 0xaad877f8 at /HUDSON/workspace/7u-2-build-linux-i586/jdk7u60/1081/hotspot/src/share/vm/prims/jvm.cpp:1244
Event: 9.933 Thread 0x8d730c00 Threw 0xa8f62230 at /HUDSON/workspace/7u-2-build-linux-i586/jdk7u60/1081/hotspot/src/share/vm/prims/jvm.cpp:1244
Event: 17.492 Thread 0x8d7e0400 Threw 0xa906fea8 at /HUDSON/workspace/7u-2-build-linux-i586/jdk7u60/1081/hotspot/src/share/vm/prims/jvm.cpp:1244

Events (10 events):
Event: 10.071 Executing VM operation: RevokeBias
Event: 10.071 Executing VM operation: RevokeBias done
Event: 17.490 loading class 0x099a8228
Event: 17.490 loading class 0x099a8228 done
Event: 17.491 loading class 0x09939b80
Event: 17.491 loading class 0x09939b80 done
Event: 17.491 loading class 0x09939ba8
Event: 17.491 loading class 0x09939ba8 done
Event: 17.492 loading class 0x8d7d8500
Event: 17.492 loading class 0x8d7d8500 done


Dynamic libraries:
08048000-08049000 r-xp 00000000 08:01 1269859    /home/irwin/opt/java/jdk1.7.0_60/bin/java
08049000-0804a000 rw-p 00000000 08:01 1269859    /home/irwin/opt/java/jdk1.7.0_60/bin/java
09797000-09da3000 rw-p 00000000 00:00 0          [heap]
8d08e000-8d200000 rw-p 00000000 00:00 0 
8d200000-8d272000 rw-p 00000000 00:00 0 
8d272000-8d300000 ---p 00000000 00:00 0 
8d32d000-8d3d6000 rw-p 00000000 00:00 0 
8d3d6000-8d3d9000 ---p 00000000 00:00 0 
8d3d9000-8d427000 rw-p 00000000 00:00 0 
8d427000-8d42a000 ---p 00000000 00:00 0 
8d42a000-8d478000 rw-p 00000000 00:00 0 
8d478000-8d47b000 ---p 00000000 00:00 0 
8d47b000-8d4c9000 rw-p 00000000 00:00 0 
8d4c9000-8d4cc000 ---p 00000000 00:00 0 
8d4cc000-8d51a000 rw-p 00000000 00:00 0 
8d51a000-8d51d000 ---p 00000000 00:00 0 
8d51d000-8d56b000 rw-p 00000000 00:00 0 
8d56b000-8d56e000 ---p 00000000 00:00 0 
8d56e000-8d5bc000 rw-p 00000000 00:00 0 
8d5bc000-8d5bf000 ---p 00000000 00:00 0 
8d5bf000-8d60d000 rw-p 00000000 00:00 0 
8d60d000-8d610000 ---p 00000000 00:00 0 
8d610000-8d65e000 rw-p 00000000 00:00 0 
8d65e000-8d661000 ---p 00000000 00:00 0 
8d661000-8d6af000 rw-p 00000000 00:00 0 
8d6af000-8d6b2000 ---p 00000000 00:00 0 
8d6b2000-8d700000 rw-p 00000000 00:00 0 
8d700000-8d7f9000 rw-p 00000000 00:00 0 
8d7f9000-8d800000 ---p 00000000 00:00 0 
8d800000-8d8fe000 rw-p 00000000 00:00 0 
8d8fe000-8d900000 ---p 00000000 00:00 0 
8d90d000-8d910000 ---p 00000000 00:00 0 
8d910000-8d95e000 rw-p 00000000 00:00 0 
8d95e000-8d961000 ---p 00000000 00:00 0 
8d961000-8d9af000 rw-p 00000000 00:00 0 
8d9af000-8d9b2000 ---p 00000000 00:00 0 
8d9b2000-8da00000 rw-p 00000000 00:00 0 
8da00000-8daff000 rw-p 00000000 00:00 0 
8daff000-8db00000 ---p 00000000 00:00 0 
8db00000-8dbe8000 rw-p 00000000 00:00 0 
8dbe8000-8dc00000 ---p 00000000 00:00 0 
8dc00000-8dd00000 rw-p 00000000 00:00 0 
8dd31000-8dd32000 rw-p 00000000 00:00 0 
8dd32000-8dd36000 r--s 0008a000 08:01 1253692    /home/irwin/opt/java/jdk1.7.0_60/jre/lib/jsse.jar
8dd36000-8dd39000 ---p 00000000 00:00 0 
8dd39000-8dd87000 rw-p 00000000 00:00 0 
8dd87000-8dd95000 r-xp 00000000 08:01 1261643    /home/irwin/opt/java/jdk1.7.0_60/jre/lib/i386/libnio.so
8dd95000-8dd96000 rw-p 0000e000 08:01 1261643    /home/irwin/opt/java/jdk1.7.0_60/jre/lib/i386/libnio.so
8dd96000-8ddab000 r-xp 00000000 08:01 1261662    /home/irwin/opt/java/jdk1.7.0_60/jre/lib/i386/libnet.so
8ddab000-8ddac000 rw-p 00014000 08:01 1261662    /home/irwin/opt/java/jdk1.7.0_60/jre/lib/i386/libnet.so
8ddac000-8df1d000 r--s 01252000 08:01 1336394    /home/irwin/startups/workspace/traveldw/traveldemo/target/traveldemo-1.0.jar
8df1d000-8df1e000 ---p 00000000 00:00 0 
8df1e000-8df9e000 rw-p 00000000 00:00 0 
8df9e000-8dfa1000 ---p 00000000 00:00 0 
8dfa1000-8dfef000 rw-p 00000000 00:00 0 
8dfef000-8dff2000 ---p 00000000 00:00 0 
8dff2000-8e070000 rw-p 00000000 00:00 0 
8e070000-8e073000 ---p 00000000 00:00 0 
8e073000-8e0f1000 rw-p 00000000 00:00 0 
8e0f1000-8e0f4000 ---p 00000000 00:00 0 
8e0f4000-8e142000 rw-p 00000000 00:00 0 
8e142000-8e2b7000 r--p 00000000 08:01 1410063    /usr/lib/locale/locale-archive
8e2b7000-8e2ba000 ---p 00000000 00:00 0 
8e2ba000-8e308000 rw-p 00000000 00:00 0 
8e308000-8e30b000 ---p 00000000 00:00 0 
8e30b000-8e359000 rw-p 00000000 00:00 0 
8e359000-8e35a000 ---p 00000000 00:00 0 
8e35a000-8e425000 rw-p 00000000 00:00 0 
8e425000-8e5e4000 r--s 039e2000 08:01 1254328    /home/irwin/opt/java/jdk1.7.0_60/jre/lib/rt.jar
8e5e4000-8fa57000 rw-p 00000000 00:00 0 
8fa57000-8fa58000 ---p 00000000 00:00 0 
8fa58000-8fad8000 rw-p 00000000 00:00 0 
8fad8000-8fad9000 ---p 00000000 00:00 0 
8fad9000-8fb6b000 rw-p 00000000 00:00 0 
8fb6b000-8fb79000 rw-p 00000000 00:00 0 
8fb79000-8fb8c000 rw-p 00000000 00:00 0 
8fb8c000-8fc22000 rw-p 00000000 00:00 0 
8fc22000-8fc34000 rw-p 00000000 00:00 0 
8fc34000-8fc42000 rw-p 00000000 00:00 0 
8fc42000-8fc55000 rw-p 00000000 00:00 0 
8fc55000-8fcea000 rw-p 00000000 00:00 0 
8fcea000-8fd12000 rw-p 00000000 00:00 0 
8fd12000-8fd15000 ---p 00000000 00:00 0 
8fd15000-8fd3f000 rw-p 00000000 00:00 0 
8fd3f000-920c0000 rw-p 00000000 00:00 0 
920c0000-93d40000 rw-p 00000000 00:00 0 
93d40000-96340000 rw-p 00000000 00:00 0 
96340000-a8e80000 rw-p 00000000 00:00 0 
a8e80000-adcc0000 rw-p 00000000 00:00 0 
adcc0000-ae180000 ---p 00000000 00:00 0 
ae180000-b3740000 rw-p 00000000 00:00 0 
b3740000-b3749000 r--s 00251000 08:01 1254339    /home/irwin/opt/java/jdk1.7.0_60/jre/lib/resources.jar
b3749000-b3752000 rw-p 00000000 00:00 0 
b3752000-b3809000 rw-p 00000000 00:00 0 
b3809000-b3a49000 rwxp 00000000 00:00 0 
b3a49000-b6809000 rw-p 00000000 00:00 0 
b6809000-b6820000 r-xp 00000000 08:01 1261663    /home/irwin/opt/java/jdk1.7.0_60/jre/lib/i386/libzip.so
b6820000-b6821000 rw-p 00017000 08:01 1261663    /home/irwin/opt/java/jdk1.7.0_60/jre/lib/i386/libzip.so
b6821000-b682b000 r-xp 00000000 08:01 1491020    /lib/i686/cmov/libnss_files-2.11.3.so
b682b000-b682c000 r--p 00009000 08:01 1491020    /lib/i686/cmov/libnss_files-2.11.3.so
b682c000-b682d000 rw-p 0000a000 08:01 1491020    /lib/i686/cmov/libnss_files-2.11.3.so
b682d000-b6835000 r-xp 00000000 08:01 1491013    /lib/i686/cmov/libnss_nis-2.11.3.so
b6835000-b6836000 r--p 00008000 08:01 1491013    /lib/i686/cmov/libnss_nis-2.11.3.so
b6836000-b6837000 rw-p 00009000 08:01 1491013    /lib/i686/cmov/libnss_nis-2.11.3.so
b6837000-b684a000 r-xp 00000000 08:01 1491017    /lib/i686/cmov/libnsl-2.11.3.so
b684a000-b684b000 r--p 00012000 08:01 1491017    /lib/i686/cmov/libnsl-2.11.3.so
b684b000-b684c000 rw-p 00013000 08:01 1491017    /lib/i686/cmov/libnsl-2.11.3.so
b684c000-b684e000 rw-p 00000000 00:00 0 
b684e000-b6854000 r-xp 00000000 08:01 1491035    /lib/i686/cmov/libnss_compat-2.11.3.so
b6854000-b6855000 r--p 00006000 08:01 1491035    /lib/i686/cmov/libnss_compat-2.11.3.so
b6855000-b6856000 rw-p 00007000 08:01 1491035    /lib/i686/cmov/libnss_compat-2.11.3.so
b6856000-b685d000 r-xp 00000000 08:01 1261649    /home/irwin/opt/java/jdk1.7.0_60/jre/lib/i386/libmanagement.so
b685d000-b685e000 rw-p 00006000 08:01 1261649    /home/irwin/opt/java/jdk1.7.0_60/jre/lib/i386/libmanagement.so
b685e000-b6866000 rw-s 00000000 08:01 1311099    /tmp/hsperfdata_irwin/26909
b6866000-b6889000 r-xp 00000000 08:01 1261640    /home/irwin/opt/java/jdk1.7.0_60/jre/lib/i386/libjava.so
b6889000-b688a000 rw-p 00023000 08:01 1261640    /home/irwin/opt/java/jdk1.7.0_60/jre/lib/i386/libjava.so
b688a000-b6891000 r-xp 00000000 08:01 1491032    /lib/i686/cmov/librt-2.11.3.so
b6891000-b6892000 r--p 00006000 08:01 1491032    /lib/i686/cmov/librt-2.11.3.so
b6892000-b6893000 rw-p 00007000 08:01 1491032    /lib/i686/cmov/librt-2.11.3.so
b6893000-b6896000 ---p 00000000 00:00 0 
b6896000-b68e4000 rw-p 00000000 00:00 0 
b68e4000-b6908000 r-xp 00000000 08:01 1491015    /lib/i686/cmov/libm-2.11.3.so
b6908000-b6909000 r--p 00023000 08:01 1491015    /lib/i686/cmov/libm-2.11.3.so
b6909000-b690a000 rw-p 00024000 08:01 1491015    /lib/i686/cmov/libm-2.11.3.so
b690a000-b718c000 r-xp 00000000 08:01 1261621    /home/irwin/opt/java/jdk1.7.0_60/jre/lib/i386/server/libjvm.so
b718c000-b71f0000 rw-p 00882000 08:01 1261621    /home/irwin/opt/java/jdk1.7.0_60/jre/lib/i386/server/libjvm.so
b71f0000-b7614000 rw-p 00000000 00:00 0 
b7614000-b7754000 r-xp 00000000 08:01 1491033    /lib/i686/cmov/libc-2.11.3.so
b7754000-b7755000 ---p 00140000 08:01 1491033    /lib/i686/cmov/libc-2.11.3.so
b7755000-b7757000 r--p 00140000 08:01 1491033    /lib/i686/cmov/libc-2.11.3.so
b7757000-b7758000 rw-p 00142000 08:01 1491033    /lib/i686/cmov/libc-2.11.3.so
b7758000-b775b000 rw-p 00000000 00:00 0 
b775b000-b775d000 r-xp 00000000 08:01 1491014    /lib/i686/cmov/libdl-2.11.3.so
b775d000-b775e000 r--p 00001000 08:01 1491014    /lib/i686/cmov/libdl-2.11.3.so
b775e000-b775f000 rw-p 00002000 08:01 1491014    /lib/i686/cmov/libdl-2.11.3.so
b775f000-b7760000 rw-p 00000000 00:00 0 
b7760000-b7773000 r-xp 00000000 08:01 1253678    /home/irwin/opt/java/jdk1.7.0_60/lib/i386/jli/libjli.so
b7773000-b7774000 rw-p 00012000 08:01 1253678    /home/irwin/opt/java/jdk1.7.0_60/lib/i386/jli/libjli.so
b7774000-b7789000 r-xp 00000000 08:01 1491023    /lib/i686/cmov/libpthread-2.11.3.so
b7789000-b778a000 r--p 00014000 08:01 1491023    /lib/i686/cmov/libpthread-2.11.3.so
b778a000-b778b000 rw-p 00015000 08:01 1491023    /lib/i686/cmov/libpthread-2.11.3.so
b778b000-b778e000 rw-p 00000000 00:00 0 
b778e000-b7790000 rw-p 00000000 00:00 0 
b7790000-b7791000 r--p 00000000 00:00 0 
b7791000-b779c000 r-xp 00000000 08:01 1261659    /home/irwin/opt/java/jdk1.7.0_60/jre/lib/i386/libverify.so
b779c000-b779d000 rw-p 0000b000 08:01 1261659    /home/irwin/opt/java/jdk1.7.0_60/jre/lib/i386/libverify.so
b779d000-b779f000 rw-p 00000000 00:00 0 
b779f000-b77a0000 r-xp 00000000 00:00 0          [vdso]
b77a0000-b77bb000 r-xp 00000000 08:01 1476062    /lib/ld-2.11.3.so
b77bb000-b77bc000 r--p 0001b000 08:01 1476062    /lib/ld-2.11.3.so
b77bc000-b77bd000 rw-p 0001c000 08:01 1476062    /lib/ld-2.11.3.so
bfca0000-bfca1000 rwxp 00000000 00:00 0 
bfcdf000-bfcf4000 rw-p 00000000 00:00 0          [stack]

VM Arguments:
java_command: target/traveldemo-1.0.jar server irwin.yaml
Launcher Type: SUN_STANDARD

Environment Variables:
JAVA_HOME=/home/irwin/opt/java/jdk1.7.0_60/
PATH=/usr/local/bin:/usr/bin:/bin:/usr/local/games:/usr/games:/home/irwin/opt/java/jdk1.6.0_45/bin:/home/irwin/opt/jdk1.7.0_60/bin:/home/irwin/opt/java/jdk1.7.0_60//bin:/home/irwin/opt/ant/apache-ant-1.9.2//bin:/home/irwin/opt/maven/apache-maven-3.1.0//bin
USERNAME=irwin
SHELL=/bin/bash
DISPLAY=:0.0

Signal Handlers:
SIGSEGV: [libjvm.so+0x7e7300], sa_mask[0]=0x7ffbfeff, sa_flags=0x10000004
SIGBUS: [libjvm.so+0x7e7300], sa_mask[0]=0x7ffbfeff, sa_flags=0x10000004
SIGFPE: [libjvm.so+0x6816f0], sa_mask[0]=0x7ffbfeff, sa_flags=0x10000004
SIGPIPE: [libjvm.so+0x6816f0], sa_mask[0]=0x7ffbfeff, sa_flags=0x10000004
SIGXFSZ: [libjvm.so+0x6816f0], sa_mask[0]=0x7ffbfeff, sa_flags=0x10000004
SIGILL: [libjvm.so+0x6816f0], sa_mask[0]=0x7ffbfeff, sa_flags=0x10000004
SIGUSR1: SIG_DFL, sa_mask[0]=0x00000000, sa_flags=0x00000000
SIGUSR2: [libjvm.so+0x682ef0], sa_mask[0]=0x00000000, sa_flags=0x10000004
SIGHUP: [libjvm.so+0x6841f0], sa_mask[0]=0x7ffbfeff, sa_flags=0x10000004
SIGINT: [libjvm.so+0x6841f0], sa_mask[0]=0x7ffbfeff, sa_flags=0x10000004
SIGTERM: [libjvm.so+0x6841f0], sa_mask[0]=0x7ffbfeff, sa_flags=0x10000004
SIGQUIT: [libjvm.so+0x6841f0], sa_mask[0]=0x7ffbfeff, sa_flags=0x10000004


---------------  S Y S T E M  ---------------

OS:6.0.10

uname:Linux 2.6.32-5-686 #1 SMP Tue May 13 16:33:32 UTC 2014 i686
libc:glibc 2.11.3 NPTL 2.11.3 
rlimit: STACK 8192k, CORE 0k, NPROC infinity, NOFILE 1024, AS infinity
load average:1.26 0.42 0.23

/proc/meminfo:
MemTotal:        2064992 kB
MemFree:          248508 kB
Buffers:           23768 kB
Cached:           479700 kB
SwapCached:        11552 kB
Active:          1084868 kB
Inactive:         674304 kB
Active(anon):     804020 kB
Inactive(anon):   507060 kB
Active(file):     280848 kB
Inactive(file):   167244 kB
Unevictable:          16 kB
Mlocked:              16 kB
HighTotal:       1182088 kB
HighFree:           5044 kB
LowTotal:         882904 kB
LowFree:          243464 kB
SwapTotal:       1633272 kB
SwapFree:        1563572 kB
Dirty:              8708 kB
Writeback:             0 kB
AnonPages:       1246180 kB
Mapped:            94380 kB
Shmem:             55228 kB
Slab:              34772 kB
SReclaimable:      22872 kB
SUnreclaim:        11900 kB
KernelStack:        3432 kB
PageTables:         5188 kB
NFS_Unstable:          0 kB
Bounce:                0 kB
WritebackTmp:          0 kB
CommitLimit:     2665768 kB
Committed_AS:    2627012 kB
VmallocTotal:     122880 kB
VmallocUsed:       15268 kB
VmallocChunk:      98004 kB
HardwareCorrupted:     0 kB
HugePages_Total:       0
HugePages_Free:        0
HugePages_Rsvd:        0
HugePages_Surp:        0
Hugepagesize:       4096 kB
DirectMap4k:       20472 kB
DirectMap4M:      884736 kB


CPU:total 2 (2 cores per cpu, 1 threads per core) family 6 model 14 stepping 8, cmov, cx8, fxsr, mmx, sse, sse2, sse3, tsc

/proc/cpuinfo:
processor	: 0
vendor_id	: GenuineIntel
cpu family	: 6
model		: 14
model name	: Genuine Intel(R) CPU           T2300  @ 1.66GHz
stepping	: 8
cpu MHz		: 1667.000
cache size	: 2048 KB
physical id	: 0
siblings	: 2
core id		: 0
cpu cores	: 2
apicid		: 0
initial apicid	: 0
fdiv_bug	: no
hlt_bug		: no
f00f_bug	: no
coma_bug	: no
fpu		: yes
fpu_exception	: yes
cpuid level	: 10
wp		: yes
flags		: fpu vme de pse tsc msr pae mce cx8 apic sep mtrr pge mca cmov clflush dts acpi mmx fxsr sse sse2 ss ht tm pbe nx constant_tsc arch_perfmon bts aperfmperf pni monitor vmx est tm2 xtpr pdcm
bogomips	: 3324.22
clflush size	: 64
cache_alignment	: 64
address sizes	: 32 bits physical, 32 bits virtual
power management:

processor	: 1
vendor_id	: GenuineIntel
cpu family	: 6
model		: 14
model name	: Genuine Intel(R) CPU           T2300  @ 1.66GHz
stepping	: 8
cpu MHz		: 1667.000
cache size	: 2048 KB
physical id	: 0
siblings	: 2
core id		: 1
cpu cores	: 2
apicid		: 1
initial apicid	: 1
fdiv_bug	: no
hlt_bug		: no
f00f_bug	: no
coma_bug	: no
fpu		: yes
fpu_exception	: yes
cpuid level	: 10
wp		: yes
flags		: fpu vme de pse tsc msr pae mce cx8 apic sep mtrr pge mca cmov clflush dts acpi mmx fxsr sse sse2 ss ht tm pbe nx constant_tsc arch_perfmon bts aperfmperf pni monitor vmx est tm2 xtpr pdcm
bogomips	: 3325.11
clflush size	: 64
cache_alignment	: 64
address sizes	: 32 bits physical, 32 bits virtual
power management:



Memory: 4k page, physical 2064992k(248508k free), swap 1633272k(1563572k free)

vm_info: Java HotSpot(TM) Server VM (24.60-b09) for linux-x86 JRE (1.7.0_60-b19), built on May  7 2014 13:42:18 by "java_re" with gcc 4.3.0 20080428 (Red Hat 4.3.0-8)

time: Sun Nov 16 01:59:38 2014
elapsed time: 17 seconds

